0 info it worked if it ends with ok
1 verbose cli [ '/usr/local/bin/node',
1 verbose cli   '/usr/local/bin/npm',
1 verbose cli   'install',
1 verbose cli   'app.json',
1 verbose cli   '--global' ]
2 info using npm@2.14.12
3 info using node@v4.2.6
4 verbose install initial load of /usr/local/lib/package.json
5 verbose readDependencies loading dependencies from /usr/local/lib/package.json
6 silly cache add args [ 'app.json', null ]
7 verbose cache add spec app.json
8 silly cache add parsed spec Result {
8 silly cache add   raw: 'app.json',
8 silly cache add   scope: null,
8 silly cache add   name: null,
8 silly cache add   rawSpec: 'app.json',
8 silly cache add   spec: '/Users/IsaiahJTurner/Repositories/AlisonsBakery/app.json',
8 silly cache add   type: 'local' }
9 silly addLocalTarball shasum (computed) 5be40cc1d14ee31a9cd3b8be36da529d470b41fe
10 verbose addTmpTarball /Users/IsaiahJTurner/Repositories/AlisonsBakery/app.json not in flight; adding
11 verbose addTmpTarball validating metadata from /Users/IsaiahJTurner/Repositories/AlisonsBakery/app.json
12 verbose tar unpack /Users/IsaiahJTurner/Repositories/AlisonsBakery/app.json
13 verbose tar unpacking to /var/folders/6d/l0gd3g5n3hs0hj5lk1m05hnw0000gn/T/npm-16066-f09f7482/unpack-5282f263ad88
14 silly gentlyRm /var/folders/6d/l0gd3g5n3hs0hj5lk1m05hnw0000gn/T/npm-16066-f09f7482/unpack-5282f263ad88 is being purged
15 verbose gentlyRm don't care about contents; nuking /var/folders/6d/l0gd3g5n3hs0hj5lk1m05hnw0000gn/T/npm-16066-f09f7482/unpack-5282f263ad88
16 silly gunzTarPerm modes [ '755', '644' ]
17 error not a package /Users/IsaiahJTurner/Repositories/AlisonsBakery/app.json
18 error addLocal Could not install /Users/IsaiahJTurner/Repositories/AlisonsBakery/app.json
19 verbose stack Error: ENOENT: no such file or directory, open '/var/folders/6d/l0gd3g5n3hs0hj5lk1m05hnw0000gn/T/npm-16066-f09f7482/unpack-5282f263ad88/package.json'
19 verbose stack     at Error (native)
20 verbose cwd /Users/IsaiahJTurner/Repositories/AlisonsBakery
21 error Darwin 15.5.0
22 error argv "/usr/local/bin/node" "/usr/local/bin/npm" "install" "app.json" "--global"
23 error node v4.2.6
24 error npm  v2.14.12
25 error path /var/folders/6d/l0gd3g5n3hs0hj5lk1m05hnw0000gn/T/npm-16066-f09f7482/unpack-5282f263ad88/package.json
26 error code ENOENT
27 error errno -2
28 error syscall open
29 error enoent ENOENT: no such file or directory, open '/var/folders/6d/l0gd3g5n3hs0hj5lk1m05hnw0000gn/T/npm-16066-f09f7482/unpack-5282f263ad88/package.json'
29 error enoent This is most likely not a problem with npm itself
29 error enoent and is related to npm not being able to find a file.
30 verbose exit [ -2, true ]
